<?xml version="1.0" encoding="UTF-8"?>
<testng-results ignored="0" total="1" passed="1" failed="0" skipped="0">
  <reporter-output>
  </reporter-output>
  <suite started-at="2023-12-06T17:00:39 IST" name="Default suite" finished-at="2023-12-06T17:00:51 IST" duration-ms="11927">
    <groups>
    </groups>
    <test started-at="2023-12-06T17:00:39 IST" name="Default test" finished-at="2023-12-06T17:00:51 IST" duration-ms="11927">
      <class name="com.keywordDriven.TestScript.Loginpage">
        <test-method signature="loignTest()[pri:0, instance:com.keywordDriven.TestScript.Loginpage@52b1beb6]" started-at="2023-12-06T17:00:39 IST" name="loignTest" finished-at="2023-12-06T17:00:51 IST" duration-ms="11860" status="PASS">
          <reporter-output>
          </reporter-output>
        </test-method> <!-- loignTest -->
      </class> <!-- com.keywordDriven.TestScript.Loginpage -->
    </test> <!-- Default test -->
  </suite> <!-- Default suite -->
</testng-results>
